 
****************************************
Report : timing
        -path full
        -delay max
        -max_paths 1
Design : riscv_dmem_syncram
Version: V-2023.12-SP5-2
Date   : Thu Oct  9 14:25:15 2025
****************************************

 # A fanout number of 1000 was used for high fanout net computations.

Operating Conditions: ff0p95v125c   Library: saed32hvt_ff0p95v125c
Wire Load Model Mode: enclosed

  Startpoint: mem_reg[4][14]
              (rising edge-triggered flip-flop clocked by clk)
  Endpoint: rdata_reg[14]
            (rising edge-triggered flip-flop clocked by clk)
  Path Group: clk
  Path Type: max

  Des/Clust/Port     Wire Load Model       Library
  ------------------------------------------------
  riscv_dmem_syncram 70000                 saed32hvt_ff0p95v125c

  Point                                    Incr       Path
  -----------------------------------------------------------
  clock clk (rise edge)                    0.00       0.00
  clock network delay (ideal)              0.00       0.00
  mem_reg[4][14]/CLK (DFFX1_HVT)           0.00 #     0.00 r
  mem_reg[4][14]/Q (DFFX1_HVT)             0.08       0.08 r
  U6372/Y (AO22X1_HVT)                     0.49       0.56 r
  U6373/Y (NOR4X0_HVT)                     0.17       0.73 f
  U6389/Y (NAND4X0_HVT)                    0.14       0.86 r
  U6390/Y (OR2X1_HVT)                      0.15       1.01 r
  U6391/Y (AO222X1_HVT)                    0.15       1.16 r
  U6392/Y (AO22X1_HVT)                     0.14       1.30 r
  rdata_reg[14]/D (DFFX1_HVT)              0.09       1.39 r
  data arrival time                                   1.39

  clock clk (rise edge)                   10.00      10.00
  clock network delay (ideal)              0.00      10.00
  clock uncertainty                       -0.06       9.94
  rdata_reg[14]/CLK (DFFX1_HVT)            0.00       9.94 r
  library setup time                      -0.03       9.91
  data required time                                  9.91
  -----------------------------------------------------------
  data required time                                  9.91
  data arrival time                                  -1.39
  -----------------------------------------------------------
  slack (MET)                                         8.51


1
