 
****************************************
Report : timing
        -path full
        -delay max
        -max_paths 1
Design : riscv_3stage
Version: V-2023.12-SP5-2
Date   : Fri Sep 12 18:00:03 2025
****************************************

 # A fanout number of 1000 was used for high fanout net computations.

Operating Conditions: ff0p95v125c   Library: saed32hvt_ff0p95v125c
Wire Load Model Mode: enclosed

  Startpoint: id_ex_alu_src_imm_reg
              (rising edge-triggered flip-flop clocked by clk)
  Endpoint: regs_reg[17][30]
            (rising edge-triggered flip-flop clocked by clk)
  Path Group: clk
  Path Type: max

  Des/Clust/Port     Wire Load Model       Library
  ------------------------------------------------
  riscv_3stage       35000                 saed32hvt_ff0p95v125c

  Point                                                   Incr       Path
  --------------------------------------------------------------------------
  clock clk (rise edge)                                   0.00       0.00
  clock network delay (ideal)                             0.00       0.00
  id_ex_alu_src_imm_reg/CLK (DFFX1_HVT)                   0.00 #     0.00 r
  id_ex_alu_src_imm_reg/Q (DFFX1_HVT)                     0.08       0.08 f
  U4048/Y (NBUFFX2_HVT)                                   0.07       0.16 f
  I_39/Y (INVX0_HVT)                                      0.06       0.22 r
  B_27/Y (NBUFFX2_HVT)                                    0.04       0.25 r
  U2944/Y (NBUFFX2_HVT)                                   0.07       0.33 r
  U2013/Y (AO22X1_HVT)                                    0.08       0.41 r
  U2542/Y (INVX0_HVT)                                     0.07       0.48 f
  U3619/Y (NBUFFX2_HVT)                                   0.08       0.55 f
  U3557/Y (INVX0_HVT)                                     0.15       0.70 r
  U3560/Y (INVX0_HVT)                                     0.64       1.34 f
  U2700/Y (OR4X1_HVT)                                     4.48       5.82 f
  U2878/Y (OA21X1_HVT)                                    0.08       5.90 f
  U4365/S (FADDX1_HVT)                                    0.11       6.02 r
  U2386/Y (XOR3X1_HVT)                                    0.22       6.23 r
  U2826/Y (AND2X1_HVT)                                    0.09       6.33 r
  U2747/Y (OA22X1_HVT)                                    0.05       6.38 r
  U2639/Y (AOI22X1_HVT)                                   0.12       6.49 f
  U3126/Y (OAI22X1_HVT)                                   0.09       6.59 r
  U3097/Y (AO22X1_HVT)                                    0.11       6.69 r
  intadd_35/U2/CO (FADDX1_HVT)                            0.09       6.79 r
  U2976/Y (AO22X1_HVT)                                    0.11       6.90 r
  U3788/Y (AO21X1_HVT)                                    0.13       7.03 r
  U3789/Y (AO22X1_HVT)                                    0.09       7.12 r
  U3080/Y (AOI21X1_HVT)                                   0.14       7.25 f
  U3790/Y (OAI22X1_HVT)                                   0.09       7.34 r
  U3791/Y (AO22X1_HVT)                                    0.08       7.43 r
  U3792/Y (AO22X1_HVT)                                    0.09       7.52 r
  U2836/Y (AO22X1_HVT)                                    0.10       7.62 r
  U3793/Y (AO21X1_HVT)                                    0.11       7.73 r
  U2723/Y (AO22X1_HVT)                                    0.11       7.84 r
  U2825/Y (AO22X1_HVT)                                    0.10       7.94 r
  U2824/Y (AO22X1_HVT)                                    0.11       8.06 r
  U2694/Y (AO22X1_HVT)                                    0.11       8.16 r
  U2815/Y (AOI22X1_HVT)                                   0.12       8.28 f
  U2764/Y (OAI22X1_HVT)                                   0.11       8.39 r
  U3794/Y (AO22X1_HVT)                                    0.10       8.49 r
  U3795/Y (AO22X1_HVT)                                    0.11       8.60 r
  U2855/Y (AO22X1_HVT)                                    0.11       8.70 r
  U3841/Y (AO22X1_HVT)                                    0.11       8.81 r
  U2659/Y (AO21X1_HVT)                                    0.11       8.92 r
  U2650/Y (XOR2X1_HVT)                                    0.10       9.02 r
  U2859/Y (AO21X1_HVT)                                    0.06       9.08 r
  U2238/Y (AO22X1_HVT)                                    0.10       9.18 r
  U6211/Y (NBUFFX2_HVT)                                   0.15       9.33 r
  U3187/Y (NBUFFX2_HVT)                                   0.15       9.48 r
  U6787/Y (AO22X1_HVT)                                    0.40       9.88 r
  regs_reg[17][30]/D (DFFARX1_HVT)                        0.01       9.89 r
  data arrival time                                                  9.89

  clock clk (rise edge)                                  10.00      10.00
  clock network delay (ideal)                             0.00      10.00
  clock uncertainty                                      -0.06       9.94
  regs_reg[17][30]/CLK (DFFARX1_HVT)                      0.00       9.94 r
  library setup time                                     -0.04       9.90
  data required time                                                 9.90
  --------------------------------------------------------------------------
  data required time                                                 9.90
  data arrival time                                                 -9.89
  --------------------------------------------------------------------------
  slack (MET)                                                        0.01


1
